20260419
增加好友相关接口
1.同意好友申请
2.删除好友
3.添加新好友
4.修改好友备注
https://www.showdoc.com.cn/PCWeixinHook/11559060626871732

20260417
增加公众号相关接口
1.关注公众号
2.取消关注公众号
3.获取公众号信息
4.获取公众号文章列表
https://www.showdoc.com.cn/PCWeixinHook/11559060626863364
https://www.showdoc.com.cn/PCWeixinHook/11559060626863369


20260413
1.增加OCR接口 识别图片中的文字
https://www.showdoc.com.cn/PCWeixinHook/11559060626847485

20260411
1.修复获取视频号下载地址bug。

20260408
1.更新到 4.1.8.67 版

2026.03.11
1.增加 发送 图片 消息 接口

2026.03.07
1.增加 发送 xml 消息 接口

2026.01.27
新增接口：
发布群公告(文本)
删除群公告
修改群名称


2026.01.26 10:23:30
1.增加启动参数 回调URL的配置
2.增加启动参数 自定义微信通讯端口
