2026-01-22 15:20:57
增加代理登录功能

2026-01-09 19:36:28
增加接口 获取公众号文章阅读数
https://www.showdoc.com.cn/2598846742080801/11559060626486238
增加接口 检测网页访问状态
https://www.showdoc.com.cn/2598846742080801/11559060626486236

2025-12-31 21:16:56 新年快乐
增加CDN下载接口
https://www.showdoc.com.cn/2598846742080801/11559060625860923

2025-12-22 22:24:12
发送app(xml) 类消息
https://www.showdoc.com.cn/2598846742080801/11559060625791609


2025-12-10 11:50:32
视频号细化功能 搜索指定内容
https://www.showdoc.com.cn/2598846742080801/11559043030780866



2025-11-27 19:34:46
增加IOS微信协议 扫码授权第三方登录 相关接口

mmpgeta8key
qrconnect_authorize
qrconnect_authorize_confirm
scan_qrcode_event_report_cgi

新增获取小程序code接口
js-login






